<?xml version="1.0" encoding="UTF-8"?>
<!-- Generated by org.testng.reporters.JUnitReportReporter -->
<testsuite hostname="DESKTOP-58OUH9R" name="test.Testing" tests="1" failures="0" timestamp="2 May 2018 05:41:05 GMT" time="17.755" errors="0">
  <testcase name="invoke" time="17.755" classname="test.Testing"/>
</testsuite> <!-- test.Testing -->
