<?xml version="1.0" encoding="UTF-8"?>
<!-- Generated by org.testng.reporters.JUnitReportReporter -->
<testsuite hostname="DESKTOP-58OUH9R" name="test.Practice1Work" tests="1" failures="0" timestamp="16 May 2018 04:42:38 GMT" time="0.014" errors="0">
  <testcase name="aaa" time="0.014" classname="test.Practice1Work"/>
</testsuite> <!-- test.Practice1Work -->
