<?xml version="1.0" encoding="UTF-8"?>
<!-- Generated by org.testng.reporters.JUnitReportReporter -->
<testsuite hostname="DESKTOP-58OUH9R" name="testNG.ReadfromExcel" tests="1" failures="0" timestamp="31 May 2018 13:31:21 GMT" time="48.520" errors="0">
  <testcase name="tc01" time="48.520" classname="testNG.ReadfromExcel"/>
</testsuite> <!-- testNG.ReadfromExcel -->
